app/build/intermediates/manifest_merge_blame_file/release/manifest-merger-blame-release-report.txt
1<?xml version="1.0" encoding="utf-8"?>
2<manifest xmlns:android="http://schemas.android.com/apk/res/android"
3    package="com.factory.wordflowdailymindpuzzles"
4    android:versionCode="1"
5    android:versionName="1.0" >
6
7    <uses-sdk
8        android:minSdkVersion="24"
9        android:targetSdkVersion="34" />
10
11    <uses-permission android:name="android.permission.INTERNET" />
11-->src/main/AndroidManifest.xml:4:5-67
11-->src/main/AndroidManifest.xml:4:22-64
12    <uses-permission android:name="android.permission.ACCESS_NETWORK_STATE" />
12-->src/main/AndroidManifest.xml:5:5-79
12-->src/main/AndroidManifest.xml:5:22-76
13    <uses-permission android:name="com.android.vending.BILLING" />
13-->[com.android.billingclient:billing-ktx:6.1.0] AndroidManifest.xml:9:5-67
13-->[com.android.billingclient:billing-ktx:6.1.0] AndroidManifest.xml:9:22-64
14
15    <queries>
15-->[com.android.billingclient:billing:6.1.0] AndroidManifest.xml:12:5-16:15
16        <intent>
16-->[com.android.billingclient:billing:6.1.0] AndroidManifest.xml:13:9-15:18
17            <action android:name="com.android.vending.billing.InAppBillingService.BIND" />
17-->[com.android.billingclient:billing:6.1.0] AndroidManifest.xml:14:13-91
17-->[com.android.billingclient:billing:6.1.0] AndroidManifest.xml:14:21-88
18        </intent>
19    </queries>
20
21    <permission
21-->[androidx.core:core:1.12.0] AndroidManifest.xml:22:5-24:47
22        android:name="com.factory.wordflowdailymindpuzzles.DYNAMIC_RECEIVER_NOT_EXPORTED_PERMISSION"
22-->[androidx.core:core:1.12.0] AndroidManifest.xml:23:9-81
23        android:protectionLevel="signature" />
23-->[androidx.core:core:1.12.0] AndroidManifest.xml:24:9-44
24
25    <uses-permission android:name="com.factory.wordflowdailymindpuzzles.DYNAMIC_RECEIVER_NOT_EXPORTED_PERMISSION" />
25-->[androidx.core:core:1.12.0] AndroidManifest.xml:26:5-97
25-->[androidx.core:core:1.12.0] AndroidManifest.xml:26:22-94
26
27    <application
27-->src/main/AndroidManifest.xml:7:5-26:19
28        android:name="com.factory.wordflowdailymindpuzzles.WordFlowApplication"
28-->src/main/AndroidManifest.xml:8:9-44
29        android:allowBackup="true"
29-->src/main/AndroidManifest.xml:9:9-35
30        android:appComponentFactory="androidx.core.app.CoreComponentFactory"
30-->[androidx.core:core:1.12.0] AndroidManifest.xml:28:18-86
31        android:dataExtractionRules="@xml/data_extraction_rules"
31-->src/main/AndroidManifest.xml:10:9-65
32        android:extractNativeLibs="false"
33        android:fullBackupContent="@xml/backup_rules"
33-->src/main/AndroidManifest.xml:11:9-54
34        android:icon="@mipmap/ic_launcher"
34-->src/main/AndroidManifest.xml:12:9-43
35        android:label="@string/app_name"
35-->src/main/AndroidManifest.xml:13:9-41
36        android:roundIcon="@mipmap/ic_launcher_round"
36-->src/main/AndroidManifest.xml:14:9-54
37        android:supportsRtl="true"
37-->src/main/AndroidManifest.xml:15:9-35
38        android:theme="@style/Theme.WordFlow" >
38-->src/main/AndroidManifest.xml:16:9-46
39        <activity
39-->src/main/AndroidManifest.xml:17:9-25:20
40            android:name="com.factory.wordflowdailymindpuzzles.MainActivity"
40-->src/main/AndroidManifest.xml:18:13-41
41            android:exported="true"
41-->src/main/AndroidManifest.xml:19:13-36
42            android:theme="@style/Theme.WordFlow.Splash" >
42-->src/main/AndroidManifest.xml:20:13-57
43            <intent-filter>
43-->src/main/AndroidManifest.xml:21:13-24:29
44                <action android:name="android.intent.action.MAIN" />
44-->src/main/AndroidManifest.xml:22:17-69
44-->src/main/AndroidManifest.xml:22:25-66
45
46                <category android:name="android.intent.category.LAUNCHER" />
46-->src/main/AndroidManifest.xml:23:17-77
46-->src/main/AndroidManifest.xml:23:27-74
47            </intent-filter>
48        </activity>
49
50        <meta-data
50-->[com.android.billingclient:billing:6.1.0] AndroidManifest.xml:19:9-21:37
51            android:name="com.google.android.play.billingclient.version"
51-->[com.android.billingclient:billing:6.1.0] AndroidManifest.xml:20:13-73
52            android:value="6.1.0" />
52-->[com.android.billingclient:billing:6.1.0] AndroidManifest.xml:21:13-34
53
54        <activity
54-->[com.android.billingclient:billing:6.1.0] AndroidManifest.xml:23:9-27:75
55            android:name="com.android.billingclient.api.ProxyBillingActivity"
55-->[com.android.billingclient:billing:6.1.0] AndroidManifest.xml:24:13-78
56            android:configChanges="keyboard|keyboardHidden|screenLayout|screenSize|orientation"
56-->[com.android.billingclient:billing:6.1.0] AndroidManifest.xml:25:13-96
57            android:exported="false"
57-->[com.android.billingclient:billing:6.1.0] AndroidManifest.xml:26:13-37
58            android:theme="@android:style/Theme.Translucent.NoTitleBar" />
58-->[com.android.billingclient:billing:6.1.0] AndroidManifest.xml:27:13-72
59        <activity
59-->[com.google.android.gms:play-services-base:18.0.1] AndroidManifest.xml:20:9-22:45
60            android:name="com.google.android.gms.common.api.GoogleApiActivity"
60-->[com.google.android.gms:play-services-base:18.0.1] AndroidManifest.xml:20:19-85
61            android:exported="false"
61-->[com.google.android.gms:play-services-base:18.0.1] AndroidManifest.xml:22:19-43
62            android:theme="@android:style/Theme.Translucent.NoTitleBar" />
62-->[com.google.android.gms:play-services-base:18.0.1] AndroidManifest.xml:21:19-78
63
64        <meta-data
64-->[com.google.android.gms:play-services-basement:18.0.1] AndroidManifest.xml:21:9-23:69
65            android:name="com.google.android.gms.version"
65-->[com.google.android.gms:play-services-basement:18.0.1] AndroidManifest.xml:22:13-58
66            android:value="@integer/google_play_services_version" />
66-->[com.google.android.gms:play-services-basement:18.0.1] AndroidManifest.xml:23:13-66
67
68        <provider
68-->[androidx.emoji2:emoji2:1.3.0] AndroidManifest.xml:24:9-32:20
69            android:name="androidx.startup.InitializationProvider"
69-->[androidx.emoji2:emoji2:1.3.0] AndroidManifest.xml:25:13-67
70            android:authorities="com.factory.wordflowdailymindpuzzles.androidx-startup"
70-->[androidx.emoji2:emoji2:1.3.0] AndroidManifest.xml:26:13-68
71            android:exported="false" >
71-->[androidx.emoji2:emoji2:1.3.0] AndroidManifest.xml:27:13-37
72            <meta-data
72-->[androidx.emoji2:emoji2:1.3.0] AndroidManifest.xml:29:13-31:52
73                android:name="androidx.emoji2.text.EmojiCompatInitializer"
73-->[androidx.emoji2:emoji2:1.3.0] AndroidManifest.xml:30:17-75
74                android:value="androidx.startup" />
74-->[androidx.emoji2:emoji2:1.3.0] AndroidManifest.xml:31:17-49
75            <meta-data
75-->[androidx.lifecycle:lifecycle-process:2.7.0] AndroidManifest.xml:29:13-31:52
76                android:name="androidx.lifecycle.ProcessLifecycleInitializer"
76-->[androidx.lifecycle:lifecycle-process:2.7.0] AndroidManifest.xml:30:17-78
77                android:value="androidx.startup" />
77-->[androidx.lifecycle:lifecycle-process:2.7.0] AndroidManifest.xml:31:17-49
78            <meta-data
78-->[androidx.profileinstaller:profileinstaller:1.3.0] AndroidManifest.xml:29:13-31:52
79                android:name="androidx.profileinstaller.ProfileInstallerInitializer"
79-->[androidx.profileinstaller:profileinstaller:1.3.0] AndroidManifest.xml:30:17-85
80                android:value="androidx.startup" />
80-->[androidx.profileinstaller:profileinstaller:1.3.0] AndroidManifest.xml:31:17-49
81        </provider>
82
83        <service
83-->[androidx.room:room-runtime:2.6.1] AndroidManifest.xml:24:9-28:63
84            android:name="androidx.room.MultiInstanceInvalidationService"
84-->[androidx.room:room-runtime:2.6.1] AndroidManifest.xml:25:13-74
85            android:directBootAware="true"
85-->[androidx.room:room-runtime:2.6.1] AndroidManifest.xml:26:13-43
86            android:exported="false" />
86-->[androidx.room:room-runtime:2.6.1] AndroidManifest.xml:27:13-37
87
88        <receiver
88-->[androidx.profileinstaller:profileinstaller:1.3.0] AndroidManifest.xml:34:9-52:20
89            android:name="androidx.profileinstaller.ProfileInstallReceiver"
89-->[androidx.profileinstaller:profileinstaller:1.3.0] AndroidManifest.xml:35:13-76
90            android:directBootAware="false"
90-->[androidx.profileinstaller:profileinstaller:1.3.0] AndroidManifest.xml:36:13-44
91            android:enabled="true"
91-->[androidx.profileinstaller:profileinstaller:1.3.0] AndroidManifest.xml:37:13-35
92            android:exported="true"
92-->[androidx.profileinstaller:profileinstaller:1.3.0] AndroidManifest.xml:38:13-36
93            android:permission="android.permission.DUMP" >
93-->[androidx.profileinstaller:profileinstaller:1.3.0] AndroidManifest.xml:39:13-57
94            <intent-filter>
94-->[androidx.profileinstaller:profileinstaller:1.3.0] AndroidManifest.xml:40:13-42:29
95                <action android:name="androidx.profileinstaller.action.INSTALL_PROFILE" />
95-->[androidx.profileinstaller:profileinstaller:1.3.0] AndroidManifest.xml:41:17-91
95-->[androidx.profileinstaller:profileinstaller:1.3.0] AndroidManifest.xml:41:25-88
96            </intent-filter>
97            <intent-filter>
97-->[androidx.profileinstaller:profileinstaller:1.3.0] AndroidManifest.xml:43:13-45:29
98                <action android:name="androidx.profileinstaller.action.SKIP_FILE" />
98-->[androidx.profileinstaller:profileinstaller:1.3.0] AndroidManifest.xml:44:17-85
98-->[androidx.profileinstaller:profileinstaller:1.3.0] AndroidManifest.xml:44:25-82
99            </intent-filter>
100            <intent-filter>
100-->[androidx.profileinstaller:profileinstaller:1.3.0] AndroidManifest.xml:46:13-48:29
101                <action android:name="androidx.profileinstaller.action.SAVE_PROFILE" />
101-->[androidx.profileinstaller:profileinstaller:1.3.0] AndroidManifest.xml:47:17-88
101-->[androidx.profileinstaller:profileinstaller:1.3.0] AndroidManifest.xml:47:25-85
102            </intent-filter>
103            <intent-filter>
103-->[androidx.profileinstaller:profileinstaller:1.3.0] AndroidManifest.xml:49:13-51:29
104                <action android:name="androidx.profileinstaller.action.BENCHMARK_OPERATION" />
104-->[androidx.profileinstaller:profileinstaller:1.3.0] AndroidManifest.xml:50:17-95
104-->[androidx.profileinstaller:profileinstaller:1.3.0] AndroidManifest.xml:50:25-92
105            </intent-filter>
106        </receiver>
107
108        <service
108-->[com.google.android.datatransport:transport-backend-cct:3.1.8] AndroidManifest.xml:28:9-34:19
109            android:name="com.google.android.datatransport.runtime.backends.TransportBackendDiscovery"
109-->[com.google.android.datatransport:transport-backend-cct:3.1.8] AndroidManifest.xml:29:13-103
110            android:exported="false" >
110-->[com.google.android.datatransport:transport-backend-cct:3.1.8] AndroidManifest.xml:30:13-37
111            <meta-data
111-->[com.google.android.datatransport:transport-backend-cct:3.1.8] AndroidManifest.xml:31:13-33:39
112                android:name="backend:com.google.android.datatransport.cct.CctBackendFactory"
112-->[com.google.android.datatransport:transport-backend-cct:3.1.8] AndroidManifest.xml:32:17-94
113                android:value="cct" />
113-->[com.google.android.datatransport:transport-backend-cct:3.1.8] AndroidManifest.xml:33:17-36
114        </service>
115        <service
115-->[com.google.android.datatransport:transport-runtime:3.1.8] AndroidManifest.xml:26:9-30:19
116            android:name="com.google.android.datatransport.runtime.scheduling.jobscheduling.JobInfoSchedulerService"
116-->[com.google.android.datatransport:transport-runtime:3.1.8] AndroidManifest.xml:27:13-117
117            android:exported="false"
117-->[com.google.android.datatransport:transport-runtime:3.1.8] AndroidManifest.xml:28:13-37
118            android:permission="android.permission.BIND_JOB_SERVICE" >
118-->[com.google.android.datatransport:transport-runtime:3.1.8] AndroidManifest.xml:29:13-69
119        </service>
120
121        <receiver
121-->[com.google.android.datatransport:transport-runtime:3.1.8] AndroidManifest.xml:32:9-34:40
122            android:name="com.google.android.datatransport.runtime.scheduling.jobscheduling.AlarmManagerSchedulerBroadcastReceiver"
122-->[com.google.android.datatransport:transport-runtime:3.1.8] AndroidManifest.xml:33:13-132
123            android:exported="false" />
123-->[com.google.android.datatransport:transport-runtime:3.1.8] AndroidManifest.xml:34:13-37
124    </application>
125
126</manifest>